<?xml version="1.0" encoding="UTF-8"?>
<coverage generated="1614688145380" clover="3.2.0">
  <project timestamp="1614688145380" name="All files">
    <metrics statements="62" coveredstatements="40" conditionals="38" coveredconditionals="26" methods="14" coveredmethods="8" elements="114" coveredelements="74" complexity="0" loc="62" ncloc="62" packages="4" files="4" classes="4"/>
    <package name="Header">
      <metrics statements="4" coveredstatements="4" conditionals="0" coveredconditionals="0" methods="1" coveredmethods="1"/>
      <file name="index.js" path="/Users/wpierce/projects/caddolakebayoutours/components/Header/index.js">
        <metrics statements="4" coveredstatements="4" conditionals="0" coveredconditionals="0" methods="1" coveredmethods="1"/>
        <line num="12" count="1" type="stmt"/>
        <line num="14" count="1" type="stmt"/>
        <line num="34" count="1" type="stmt"/>
        <line num="38" count="1" type="stmt"/>
      </file>
    </package>
    <package name="Hero">
      <metrics statements="33" coveredstatements="11" conditionals="10" coveredconditionals="0" methods="7" coveredmethods="1"/>
      <file name="index.js" path="/Users/wpierce/projects/caddolakebayoutours/components/Hero/index.js">
        <metrics statements="33" coveredstatements="11" conditionals="10" coveredconditionals="0" methods="7" coveredmethods="1"/>
        <line num="13" count="1" type="stmt"/>
        <line num="25" count="6" type="stmt"/>
        <line num="27" count="6" type="stmt"/>
        <line num="29" count="6" type="stmt"/>
        <line num="30" count="6" type="stmt"/>
        <line num="32" count="6" type="stmt"/>
        <line num="35" count="0" type="stmt"/>
        <line num="39" count="0" type="stmt"/>
        <line num="41" count="0" type="stmt"/>
        <line num="44" count="6" type="stmt"/>
        <line num="45" count="0" type="stmt"/>
        <line num="46" count="0" type="cond" truecount="0" falsecount="2"/>
        <line num="47" count="0" type="stmt"/>
        <line num="49" count="0" type="cond" truecount="0" falsecount="2"/>
        <line num="50" count="0" type="stmt"/>
        <line num="53" count="0" type="cond" truecount="0" falsecount="2"/>
        <line num="54" count="0" type="stmt"/>
        <line num="57" count="0" type="cond" truecount="0" falsecount="2"/>
        <line num="58" count="0" type="stmt"/>
        <line num="62" count="6" type="stmt"/>
        <line num="63" count="0" type="cond" truecount="0" falsecount="2"/>
        <line num="64" count="0" type="stmt"/>
        <line num="67" count="0" type="stmt"/>
        <line num="68" count="0" type="stmt"/>
        <line num="69" count="0" type="stmt"/>
        <line num="74" count="6" type="stmt"/>
        <line num="75" count="0" type="stmt"/>
        <line num="76" count="0" type="stmt"/>
        <line num="78" count="0" type="stmt"/>
        <line num="80" count="0" type="stmt"/>
        <line num="81" count="0" type="stmt"/>
        <line num="85" count="6" type="stmt"/>
        <line num="97" count="1" type="stmt"/>
      </file>
    </package>
    <package name="Navigation">
      <metrics statements="21" coveredstatements="21" conditionals="24" coveredconditionals="24" methods="5" coveredmethods="5"/>
      <file name="index.js" path="/Users/wpierce/projects/caddolakebayoutours/components/Navigation/index.js">
        <metrics statements="21" coveredstatements="21" conditionals="24" coveredconditionals="24" methods="5" coveredmethods="5"/>
        <line num="12" count="2" type="stmt"/>
        <line num="15" count="15" type="stmt"/>
        <line num="17" count="15" type="stmt"/>
        <line num="41" count="15" type="stmt"/>
        <line num="42" count="1" type="stmt"/>
        <line num="44" count="1" type="stmt"/>
        <line num="48" count="15" type="stmt"/>
        <line num="49" count="15" type="stmt"/>
        <line num="52" count="15" type="stmt"/>
        <line num="53" count="5" type="stmt"/>
        <line num="55" count="5" type="stmt"/>
        <line num="58" count="15" type="stmt"/>
        <line num="65" count="6" type="stmt"/>
        <line num="67" count="6" type="stmt"/>
        <line num="84" count="15" type="stmt"/>
        <line num="92" count="75" type="stmt"/>
        <line num="94" count="75" type="stmt"/>
        <line num="95" count="75" type="stmt"/>
        <line num="97" count="75" type="stmt"/>
        <line num="110" count="2" type="stmt"/>
        <line num="115" count="2" type="stmt"/>
      </file>
    </package>
    <package name="SideHug">
      <metrics statements="4" coveredstatements="4" conditionals="4" coveredconditionals="2" methods="1" coveredmethods="1"/>
      <file name="index.js" path="/Users/wpierce/projects/caddolakebayoutours/components/SideHug/index.js">
        <metrics statements="4" coveredstatements="4" conditionals="4" coveredconditionals="2" methods="1" coveredmethods="1"/>
        <line num="15" count="1" type="stmt"/>
        <line num="17" count="1" type="stmt"/>
        <line num="36" count="1" type="stmt"/>
        <line num="40" count="1" type="stmt"/>
      </file>
    </package>
  </project>
</coverage>
