{"/Users/wpierce/projects/caddolakebayoutours/components/Header/index.js": {"path":"/Users/wpierce/projects/caddolakebayoutours/components/Header/index.js","statementMap":{"0":{"start":{"line":12,"column":6},"end":{"line":12,"column":11}},"1":{"start":{"line":14,"column":2},"end":{"line":31,"column":4}},"2":{"start":{"line":34,"column":0},"end":{"line":36,"column":2}},"3":{"start":{"line":38,"column":0},"end":{"line":40,"column":2}}},"fnMap":{"0":{"name":"Header","decl":{"start":{"line":9,"column":9},"end":{"line":9,"column":15}},"loc":{"start":{"line":9,"column":23},"end":{"line":32,"column":1}},"line":9}},"branchMap":{},"s":{"0":1,"1":1,"2":1,"3":1},"f":{"0":1},"b":{},"_coverageSchema":"1a1c01bbd47fc00a2c39e90264f33305004495a9","hash":"acace5c1959e91bb4dce99ca7966679f7bec3464"}
,"/Users/wpierce/projects/caddolakebayoutours/components/Navigation/index.js": {"path":"/Users/wpierce/projects/caddolakebayoutours/components/Navigation/index.js","statementMap":{"0":{"start":{"line":12,"column":19},"end":{"line":108,"column":1}},"1":{"start":{"line":15,"column":6},"end":{"line":15,"column":11}},"2":{"start":{"line":17,"column":16},"end":{"line":38,"column":3}},"3":{"start":{"line":41,"column":23},"end":{"line":45,"column":3}},"4":{"start":{"line":42,"column":4},"end":{"line":42,"column":21}},"5":{"start":{"line":44,"column":4},"end":{"line":44,"column":29}},"6":{"start":{"line":48,"column":36},"end":{"line":48,"column":51}},"7":{"start":{"line":49,"column":34},"end":{"line":49,"column":49}},"8":{"start":{"line":52,"column":2},"end":{"line":56,"column":9}},"9":{"start":{"line":53,"column":27},"end":{"line":53,"column":52}},"10":{"start":{"line":55,"column":4},"end":{"line":55,"column":32}},"11":{"start":{"line":58,"column":20},"end":{"line":82,"column":3}},"12":{"start":{"line":65,"column":8},"end":{"line":65,"column":14}},"13":{"start":{"line":67,"column":4},"end":{"line":81,"column":6}},"14":{"start":{"line":84,"column":2},"end":{"line":107,"column":4}},"15":{"start":{"line":92,"column":14},"end":{"line":92,"column":18}},"16":{"start":{"line":94,"column":25},"end":{"line":94,"column":58}},"17":{"start":{"line":95,"column":22},"end":{"line":95,"column":75}},"18":{"start":{"line":97,"column":10},"end":{"line":103,"column":11}},"19":{"start":{"line":110,"column":0},"end":{"line":113,"column":2}},"20":{"start":{"line":115,"column":0},"end":{"line":118,"column":2}}},"fnMap":{"0":{"name":"(anonymous_0)","decl":{"start":{"line":12,"column":19},"end":{"line":12,"column":20}},"loc":{"start":{"line":12,"column":30},"end":{"line":108,"column":1}},"line":12},"1":{"name":"(anonymous_1)","decl":{"start":{"line":41,"column":23},"end":{"line":41,"column":24}},"loc":{"start":{"line":41,"column":30},"end":{"line":45,"column":3}},"line":41},"2":{"name":"(anonymous_2)","decl":{"start":{"line":52,"column":12},"end":{"line":52,"column":13}},"loc":{"start":{"line":52,"column":18},"end":{"line":56,"column":3}},"line":52},"3":{"name":"(anonymous_3)","decl":{"start":{"line":58,"column":20},"end":{"line":58,"column":21}},"loc":{"start":{"line":58,"column":26},"end":{"line":82,"column":3}},"line":58},"4":{"name":"(anonymous_4)","decl":{"start":{"line":88,"column":19},"end":{"line":88,"column":20}},"loc":{"start":{"line":88,"column":36},"end":{"line":104,"column":9}},"line":88}},"branchMap":{"0":{"loc":{"start":{"line":69,"column":19},"end":{"line":69,"column":91}},"type":"cond-expr","locations":[{"start":{"line":69,"column":46},"end":{"line":69,"column":68}},{"start":{"line":69,"column":71},"end":{"line":69,"column":91}}],"line":69},"1":{"loc":{"start":{"line":69,"column":20},"end":{"line":69,"column":42}},"type":"binary-expr","locations":[{"start":{"line":69,"column":20},"end":{"line":69,"column":28}},{"start":{"line":69,"column":32},"end":{"line":69,"column":42}}],"line":69},"2":{"loc":{"start":{"line":76,"column":27},"end":{"line":76,"column":85}},"type":"cond-expr","locations":[{"start":{"line":76,"column":54},"end":{"line":76,"column":66}},{"start":{"line":76,"column":69},"end":{"line":76,"column":85}}],"line":76},"3":{"loc":{"start":{"line":76,"column":28},"end":{"line":76,"column":50}},"type":"binary-expr","locations":[{"start":{"line":76,"column":28},"end":{"line":76,"column":36}},{"start":{"line":76,"column":40},"end":{"line":76,"column":50}}],"line":76},"4":{"loc":{"start":{"line":77,"column":27},"end":{"line":77,"column":85}},"type":"cond-expr","locations":[{"start":{"line":77,"column":54},"end":{"line":77,"column":66}},{"start":{"line":77,"column":69},"end":{"line":77,"column":85}}],"line":77},"5":{"loc":{"start":{"line":77,"column":28},"end":{"line":77,"column":50}},"type":"binary-expr","locations":[{"start":{"line":77,"column":28},"end":{"line":77,"column":36}},{"start":{"line":77,"column":40},"end":{"line":77,"column":50}}],"line":77},"6":{"loc":{"start":{"line":78,"column":27},"end":{"line":78,"column":85}},"type":"cond-expr","locations":[{"start":{"line":78,"column":54},"end":{"line":78,"column":66}},{"start":{"line":78,"column":69},"end":{"line":78,"column":85}}],"line":78},"7":{"loc":{"start":{"line":78,"column":28},"end":{"line":78,"column":50}},"type":"binary-expr","locations":[{"start":{"line":78,"column":28},"end":{"line":78,"column":36}},{"start":{"line":78,"column":40},"end":{"line":78,"column":50}}],"line":78},"8":{"loc":{"start":{"line":86,"column":7},"end":{"line":86,"column":32}},"type":"binary-expr","locations":[{"start":{"line":86,"column":7},"end":{"line":86,"column":15}},{"start":{"line":86,"column":19},"end":{"line":86,"column":32}}],"line":86},"9":{"loc":{"start":{"line":87,"column":21},"end":{"line":87,"column":99}},"type":"cond-expr","locations":[{"start":{"line":87,"column":48},"end":{"line":87,"column":75}},{"start":{"line":87,"column":78},"end":{"line":87,"column":99}}],"line":87},"10":{"loc":{"start":{"line":87,"column":22},"end":{"line":87,"column":44}},"type":"binary-expr","locations":[{"start":{"line":87,"column":22},"end":{"line":87,"column":30}},{"start":{"line":87,"column":34},"end":{"line":87,"column":44}}],"line":87},"11":{"loc":{"start":{"line":100,"column":30},"end":{"line":100,"column":59}},"type":"cond-expr","locations":[{"start":{"line":100,"column":39},"end":{"line":100,"column":47}},{"start":{"line":100,"column":50},"end":{"line":100,"column":59}}],"line":100}},"s":{"0":2,"1":15,"2":15,"3":15,"4":1,"5":1,"6":15,"7":15,"8":15,"9":5,"10":5,"11":15,"12":6,"13":6,"14":15,"15":75,"16":75,"17":75,"18":75,"19":2,"20":2},"f":{"0":15,"1":1,"2":5,"3":6,"4":75},"b":{"0":[5,1],"1":[6,6],"2":[5,1],"3":[6,6],"4":[5,1],"5":[6,6],"6":[5,1],"7":[6,6],"8":[15,6],"9":[5,10],"10":[15,6],"11":[12,63]},"_coverageSchema":"1a1c01bbd47fc00a2c39e90264f33305004495a9","hash":"f3517655101af0cf50531ba387508de99763a828"}
}
