{"/Users/wpierce/projects/caddolakebayoutours/components/Header/index.js": {"path":"/Users/wpierce/projects/caddolakebayoutours/components/Header/index.js","statementMap":{"0":{"start":{"line":12,"column":6},"end":{"line":12,"column":11}},"1":{"start":{"line":14,"column":2},"end":{"line":31,"column":4}},"2":{"start":{"line":34,"column":0},"end":{"line":36,"column":2}},"3":{"start":{"line":38,"column":0},"end":{"line":40,"column":2}}},"fnMap":{"0":{"name":"Header","decl":{"start":{"line":9,"column":9},"end":{"line":9,"column":15}},"loc":{"start":{"line":9,"column":23},"end":{"line":32,"column":1}},"line":9}},"branchMap":{},"s":{"0":1,"1":1,"2":1,"3":1},"f":{"0":1},"b":{},"_coverageSchema":"1a1c01bbd47fc00a2c39e90264f33305004495a9","hash":"acace5c1959e91bb4dce99ca7966679f7bec3464"}
,"/Users/wpierce/projects/caddolakebayoutours/components/Hero/index.js": {"path":"/Users/wpierce/projects/caddolakebayoutours/components/Hero/index.js","statementMap":{"0":{"start":{"line":13,"column":20},"end":{"line":17,"column":1}},"1":{"start":{"line":25,"column":6},"end":{"line":25,"column":11}},"2":{"start":{"line":27,"column":21},"end":{"line":27,"column":33}},"3":{"start":{"line":29,"column":38},"end":{"line":29,"column":51}},"4":{"start":{"line":30,"column":40},"end":{"line":30,"column":53}},"5":{"start":{"line":32,"column":23},"end":{"line":42,"column":3}},"6":{"start":{"line":35,"column":8},"end":{"line":35,"column":18}},"7":{"start":{"line":39,"column":8},"end":{"line":39,"column":40}},"8":{"start":{"line":41,"column":4},"end":{"line":41,"column":34}},"9":{"start":{"line":44,"column":24},"end":{"line":60,"column":3}},"10":{"start":{"line":45,"column":21},"end":{"line":45,"column":37}},"11":{"start":{"line":46,"column":21},"end":{"line":46,"column":62}},"12":{"start":{"line":47,"column":22},"end":{"line":47,"column":39}},"13":{"start":{"line":49,"column":4},"end":{"line":51,"column":5}},"14":{"start":{"line":50,"column":6},"end":{"line":50,"column":41}},"15":{"start":{"line":53,"column":4},"end":{"line":55,"column":5}},"16":{"start":{"line":54,"column":6},"end":{"line":54,"column":41}},"17":{"start":{"line":57,"column":4},"end":{"line":59,"column":5}},"18":{"start":{"line":58,"column":6},"end":{"line":58,"column":42}},"19":{"start":{"line":62,"column":25},"end":{"line":71,"column":3}},"20":{"start":{"line":63,"column":4},"end":{"line":65,"column":5}},"21":{"start":{"line":64,"column":6},"end":{"line":64,"column":34}},"22":{"start":{"line":67,"column":4},"end":{"line":70,"column":7}},"23":{"start":{"line":68,"column":6},"end":{"line":68,"column":22}},"24":{"start":{"line":69,"column":6},"end":{"line":69,"column":21}},"25":{"start":{"line":74,"column":2},"end":{"line":83,"column":9}},"26":{"start":{"line":75,"column":4},"end":{"line":75,"column":19}},"27":{"start":{"line":76,"column":4},"end":{"line":76,"column":20}},"28":{"start":{"line":78,"column":4},"end":{"line":78,"column":54}},"29":{"start":{"line":80,"column":4},"end":{"line":82,"column":5}},"30":{"start":{"line":81,"column":6},"end":{"line":81,"column":58}},"31":{"start":{"line":85,"column":2},"end":{"line":94,"column":4}},"32":{"start":{"line":97,"column":0},"end":{"line":100,"column":2}}},"fnMap":{"0":{"name":"Hero","decl":{"start":{"line":21,"column":9},"end":{"line":21,"column":13}},"loc":{"start":{"line":21,"column":21},"end":{"line":95,"column":1}},"line":21},"1":{"name":"(anonymous_1)","decl":{"start":{"line":32,"column":23},"end":{"line":32,"column":24}},"loc":{"start":{"line":32,"column":29},"end":{"line":42,"column":3}},"line":32},"2":{"name":"(anonymous_2)","decl":{"start":{"line":44,"column":24},"end":{"line":44,"column":25}},"loc":{"start":{"line":44,"column":30},"end":{"line":60,"column":3}},"line":44},"3":{"name":"(anonymous_3)","decl":{"start":{"line":62,"column":25},"end":{"line":62,"column":26}},"loc":{"start":{"line":62,"column":31},"end":{"line":71,"column":3}},"line":62},"4":{"name":"(anonymous_4)","decl":{"start":{"line":67,"column":34},"end":{"line":67,"column":35}},"loc":{"start":{"line":67,"column":40},"end":{"line":70,"column":5}},"line":67},"5":{"name":"(anonymous_5)","decl":{"start":{"line":74,"column":12},"end":{"line":74,"column":13}},"loc":{"start":{"line":74,"column":18},"end":{"line":83,"column":3}},"line":74},"6":{"name":"(anonymous_6)","decl":{"start":{"line":80,"column":11},"end":{"line":80,"column":12}},"loc":{"start":{"line":80,"column":17},"end":{"line":82,"column":5}},"line":80}},"branchMap":{"0":{"loc":{"start":{"line":46,"column":21},"end":{"line":46,"column":62}},"type":"binary-expr","locations":[{"start":{"line":46,"column":22},"end":{"line":46,"column":38}},{"start":{"line":46,"column":44},"end":{"line":46,"column":61}}],"line":46},"1":{"loc":{"start":{"line":49,"column":4},"end":{"line":51,"column":5}},"type":"if","locations":[{"start":{"line":49,"column":4},"end":{"line":51,"column":5}},{"start":{"line":49,"column":4},"end":{"line":51,"column":5}}],"line":49},"2":{"loc":{"start":{"line":53,"column":4},"end":{"line":55,"column":5}},"type":"if","locations":[{"start":{"line":53,"column":4},"end":{"line":55,"column":5}},{"start":{"line":53,"column":4},"end":{"line":55,"column":5}}],"line":53},"3":{"loc":{"start":{"line":57,"column":4},"end":{"line":59,"column":5}},"type":"if","locations":[{"start":{"line":57,"column":4},"end":{"line":59,"column":5}},{"start":{"line":57,"column":4},"end":{"line":59,"column":5}}],"line":57},"4":{"loc":{"start":{"line":63,"column":4},"end":{"line":65,"column":5}},"type":"if","locations":[{"start":{"line":63,"column":4},"end":{"line":65,"column":5}},{"start":{"line":63,"column":4},"end":{"line":65,"column":5}}],"line":63}},"s":{"0":1,"1":6,"2":6,"3":6,"4":6,"5":6,"6":0,"7":0,"8":0,"9":6,"10":0,"11":0,"12":0,"13":0,"14":0,"15":0,"16":0,"17":0,"18":0,"19":6,"20":0,"21":0,"22":0,"23":0,"24":0,"25":6,"26":0,"27":0,"28":0,"29":0,"30":0,"31":6,"32":1},"f":{"0":6,"1":0,"2":0,"3":0,"4":0,"5":0,"6":0},"b":{"0":[0,0],"1":[0,0],"2":[0,0],"3":[0,0],"4":[0,0]},"_coverageSchema":"1a1c01bbd47fc00a2c39e90264f33305004495a9","hash":"87bbc4b9b6562bfa18ff63bb295473a7c0e3e1bb"}
,"/Users/wpierce/projects/caddolakebayoutours/components/Navigation/index.js": {"path":"/Users/wpierce/projects/caddolakebayoutours/components/Navigation/index.js","statementMap":{"0":{"start":{"line":12,"column":19},"end":{"line":108,"column":1}},"1":{"start":{"line":15,"column":6},"end":{"line":15,"column":11}},"2":{"start":{"line":17,"column":16},"end":{"line":38,"column":3}},"3":{"start":{"line":41,"column":23},"end":{"line":45,"column":3}},"4":{"start":{"line":42,"column":4},"end":{"line":42,"column":21}},"5":{"start":{"line":44,"column":4},"end":{"line":44,"column":29}},"6":{"start":{"line":48,"column":36},"end":{"line":48,"column":51}},"7":{"start":{"line":49,"column":34},"end":{"line":49,"column":49}},"8":{"start":{"line":52,"column":2},"end":{"line":56,"column":9}},"9":{"start":{"line":53,"column":27},"end":{"line":53,"column":52}},"10":{"start":{"line":55,"column":4},"end":{"line":55,"column":32}},"11":{"start":{"line":58,"column":20},"end":{"line":82,"column":3}},"12":{"start":{"line":65,"column":8},"end":{"line":65,"column":14}},"13":{"start":{"line":67,"column":4},"end":{"line":81,"column":6}},"14":{"start":{"line":84,"column":2},"end":{"line":107,"column":4}},"15":{"start":{"line":92,"column":14},"end":{"line":92,"column":18}},"16":{"start":{"line":94,"column":25},"end":{"line":94,"column":58}},"17":{"start":{"line":95,"column":22},"end":{"line":95,"column":75}},"18":{"start":{"line":97,"column":10},"end":{"line":103,"column":11}},"19":{"start":{"line":110,"column":0},"end":{"line":113,"column":2}},"20":{"start":{"line":115,"column":0},"end":{"line":118,"column":2}}},"fnMap":{"0":{"name":"(anonymous_0)","decl":{"start":{"line":12,"column":19},"end":{"line":12,"column":20}},"loc":{"start":{"line":12,"column":30},"end":{"line":108,"column":1}},"line":12},"1":{"name":"(anonymous_1)","decl":{"start":{"line":41,"column":23},"end":{"line":41,"column":24}},"loc":{"start":{"line":41,"column":30},"end":{"line":45,"column":3}},"line":41},"2":{"name":"(anonymous_2)","decl":{"start":{"line":52,"column":12},"end":{"line":52,"column":13}},"loc":{"start":{"line":52,"column":18},"end":{"line":56,"column":3}},"line":52},"3":{"name":"(anonymous_3)","decl":{"start":{"line":58,"column":20},"end":{"line":58,"column":21}},"loc":{"start":{"line":58,"column":26},"end":{"line":82,"column":3}},"line":58},"4":{"name":"(anonymous_4)","decl":{"start":{"line":88,"column":19},"end":{"line":88,"column":20}},"loc":{"start":{"line":88,"column":36},"end":{"line":104,"column":9}},"line":88}},"branchMap":{"0":{"loc":{"start":{"line":69,"column":19},"end":{"line":69,"column":91}},"type":"cond-expr","locations":[{"start":{"line":69,"column":46},"end":{"line":69,"column":68}},{"start":{"line":69,"column":71},"end":{"line":69,"column":91}}],"line":69},"1":{"loc":{"start":{"line":69,"column":20},"end":{"line":69,"column":42}},"type":"binary-expr","locations":[{"start":{"line":69,"column":20},"end":{"line":69,"column":28}},{"start":{"line":69,"column":32},"end":{"line":69,"column":42}}],"line":69},"2":{"loc":{"start":{"line":76,"column":27},"end":{"line":76,"column":85}},"type":"cond-expr","locations":[{"start":{"line":76,"column":54},"end":{"line":76,"column":66}},{"start":{"line":76,"column":69},"end":{"line":76,"column":85}}],"line":76},"3":{"loc":{"start":{"line":76,"column":28},"end":{"line":76,"column":50}},"type":"binary-expr","locations":[{"start":{"line":76,"column":28},"end":{"line":76,"column":36}},{"start":{"line":76,"column":40},"end":{"line":76,"column":50}}],"line":76},"4":{"loc":{"start":{"line":77,"column":27},"end":{"line":77,"column":85}},"type":"cond-expr","locations":[{"start":{"line":77,"column":54},"end":{"line":77,"column":66}},{"start":{"line":77,"column":69},"end":{"line":77,"column":85}}],"line":77},"5":{"loc":{"start":{"line":77,"column":28},"end":{"line":77,"column":50}},"type":"binary-expr","locations":[{"start":{"line":77,"column":28},"end":{"line":77,"column":36}},{"start":{"line":77,"column":40},"end":{"line":77,"column":50}}],"line":77},"6":{"loc":{"start":{"line":78,"column":27},"end":{"line":78,"column":85}},"type":"cond-expr","locations":[{"start":{"line":78,"column":54},"end":{"line":78,"column":66}},{"start":{"line":78,"column":69},"end":{"line":78,"column":85}}],"line":78},"7":{"loc":{"start":{"line":78,"column":28},"end":{"line":78,"column":50}},"type":"binary-expr","locations":[{"start":{"line":78,"column":28},"end":{"line":78,"column":36}},{"start":{"line":78,"column":40},"end":{"line":78,"column":50}}],"line":78},"8":{"loc":{"start":{"line":86,"column":7},"end":{"line":86,"column":32}},"type":"binary-expr","locations":[{"start":{"line":86,"column":7},"end":{"line":86,"column":15}},{"start":{"line":86,"column":19},"end":{"line":86,"column":32}}],"line":86},"9":{"loc":{"start":{"line":87,"column":21},"end":{"line":87,"column":99}},"type":"cond-expr","locations":[{"start":{"line":87,"column":48},"end":{"line":87,"column":75}},{"start":{"line":87,"column":78},"end":{"line":87,"column":99}}],"line":87},"10":{"loc":{"start":{"line":87,"column":22},"end":{"line":87,"column":44}},"type":"binary-expr","locations":[{"start":{"line":87,"column":22},"end":{"line":87,"column":30}},{"start":{"line":87,"column":34},"end":{"line":87,"column":44}}],"line":87},"11":{"loc":{"start":{"line":100,"column":30},"end":{"line":100,"column":59}},"type":"cond-expr","locations":[{"start":{"line":100,"column":39},"end":{"line":100,"column":47}},{"start":{"line":100,"column":50},"end":{"line":100,"column":59}}],"line":100}},"s":{"0":2,"1":15,"2":15,"3":15,"4":1,"5":1,"6":15,"7":15,"8":15,"9":5,"10":5,"11":15,"12":6,"13":6,"14":15,"15":75,"16":75,"17":75,"18":75,"19":2,"20":2},"f":{"0":15,"1":1,"2":5,"3":6,"4":75},"b":{"0":[5,1],"1":[6,6],"2":[5,1],"3":[6,6],"4":[5,1],"5":[6,6],"6":[5,1],"7":[6,6],"8":[15,6],"9":[5,10],"10":[15,6],"11":[12,63]},"_coverageSchema":"1a1c01bbd47fc00a2c39e90264f33305004495a9","hash":"f3517655101af0cf50531ba387508de99763a828"}
,"/Users/wpierce/projects/caddolakebayoutours/components/SideHug/index.js": {"path":"/Users/wpierce/projects/caddolakebayoutours/components/SideHug/index.js","statementMap":{"0":{"start":{"line":15,"column":6},"end":{"line":15,"column":11}},"1":{"start":{"line":17,"column":2},"end":{"line":33,"column":4}},"2":{"start":{"line":36,"column":0},"end":{"line":38,"column":2}},"3":{"start":{"line":40,"column":0},"end":{"line":48,"column":2}}},"fnMap":{"0":{"name":"SideHug","decl":{"start":{"line":9,"column":9},"end":{"line":9,"column":16}},"loc":{"start":{"line":9,"column":24},"end":{"line":34,"column":1}},"line":9}},"branchMap":{"0":{"loc":{"start":{"line":20,"column":24},"end":{"line":20,"column":88}},"type":"cond-expr","locations":[{"start":{"line":20,"column":38},"end":{"line":20,"column":65}},{"start":{"line":20,"column":68},"end":{"line":20,"column":88}}],"line":20},"1":{"loc":{"start":{"line":25,"column":11},"end":{"line":29,"column":11}},"type":"binary-expr","locations":[{"start":{"line":25,"column":11},"end":{"line":25,"column":16}},{"start":{"line":26,"column":12},"end":{"line":28,"column":18}}],"line":25}},"s":{"0":1,"1":1,"2":1,"3":1},"f":{"0":1},"b":{"0":[0,1],"1":[1,0]},"_coverageSchema":"1a1c01bbd47fc00a2c39e90264f33305004495a9","hash":"5a5d268225f34a06ae727ff4bd35e57bd32374e2"}
}
