TN:
SF:components/Header/index.js
FN:9,Header
FNF:1
FNH:1
FNDA:1,Header
DA:12,1
DA:14,1
DA:34,1
DA:38,1
LF:4
LH:4
BRF:0
BRH:0
end_of_record
TN:
SF:components/Navigation/index.js
FN:12,(anonymous_0)
FN:41,(anonymous_1)
FN:52,(anonymous_2)
FN:58,(anonymous_3)
FN:88,(anonymous_4)
FNF:5
FNH:5
FNDA:15,(anonymous_0)
FNDA:1,(anonymous_1)
FNDA:5,(anonymous_2)
FNDA:6,(anonymous_3)
FNDA:75,(anonymous_4)
DA:12,2
DA:15,15
DA:17,15
DA:41,15
DA:42,1
DA:44,1
DA:48,15
DA:49,15
DA:52,15
DA:53,5
DA:55,5
DA:58,15
DA:65,6
DA:67,6
DA:84,15
DA:92,75
DA:94,75
DA:95,75
DA:97,75
DA:110,2
DA:115,2
LF:21
LH:21
BRDA:69,0,0,5
BRDA:69,0,1,1
BRDA:69,1,0,6
BRDA:69,1,1,6
BRDA:76,2,0,5
BRDA:76,2,1,1
BRDA:76,3,0,6
BRDA:76,3,1,6
BRDA:77,4,0,5
BRDA:77,4,1,1
BRDA:77,5,0,6
BRDA:77,5,1,6
BRDA:78,6,0,5
BRDA:78,6,1,1
BRDA:78,7,0,6
BRDA:78,7,1,6
BRDA:86,8,0,15
BRDA:86,8,1,6
BRDA:87,9,0,5
BRDA:87,9,1,10
BRDA:87,10,0,15
BRDA:87,10,1,6
BRDA:100,11,0,12
BRDA:100,11,1,63
BRF:24
BRH:24
end_of_record
