TN:
SF:components/Header/index.js
FN:9,Header
FNF:1
FNH:1
FNDA:1,Header
DA:12,1
DA:14,1
DA:34,1
DA:38,1
LF:4
LH:4
BRF:0
BRH:0
end_of_record
TN:
SF:components/Hero/index.js
FN:21,Hero
FN:32,(anonymous_1)
FN:44,(anonymous_2)
FN:62,(anonymous_3)
FN:67,(anonymous_4)
FN:74,(anonymous_5)
FN:80,(anonymous_6)
FNF:7
FNH:1
FNDA:6,Hero
FNDA:0,(anonymous_1)
FNDA:0,(anonymous_2)
FNDA:0,(anonymous_3)
FNDA:0,(anonymous_4)
FNDA:0,(anonymous_5)
FNDA:0,(anonymous_6)
DA:13,1
DA:25,6
DA:27,6
DA:29,6
DA:30,6
DA:32,6
DA:35,0
DA:39,0
DA:41,0
DA:44,6
DA:45,0
DA:46,0
DA:47,0
DA:49,0
DA:50,0
DA:53,0
DA:54,0
DA:57,0
DA:58,0
DA:62,6
DA:63,0
DA:64,0
DA:67,0
DA:68,0
DA:69,0
DA:74,6
DA:75,0
DA:76,0
DA:78,0
DA:80,0
DA:81,0
DA:85,6
DA:97,1
LF:33
LH:11
BRDA:46,0,0,0
BRDA:46,0,1,0
BRDA:49,1,0,0
BRDA:49,1,1,0
BRDA:53,2,0,0
BRDA:53,2,1,0
BRDA:57,3,0,0
BRDA:57,3,1,0
BRDA:63,4,0,0
BRDA:63,4,1,0
BRF:10
BRH:0
end_of_record
TN:
SF:components/Navigation/index.js
FN:12,(anonymous_0)
FN:41,(anonymous_1)
FN:52,(anonymous_2)
FN:58,(anonymous_3)
FN:88,(anonymous_4)
FNF:5
FNH:5
FNDA:15,(anonymous_0)
FNDA:1,(anonymous_1)
FNDA:5,(anonymous_2)
FNDA:6,(anonymous_3)
FNDA:75,(anonymous_4)
DA:12,2
DA:15,15
DA:17,15
DA:41,15
DA:42,1
DA:44,1
DA:48,15
DA:49,15
DA:52,15
DA:53,5
DA:55,5
DA:58,15
DA:65,6
DA:67,6
DA:84,15
DA:92,75
DA:94,75
DA:95,75
DA:97,75
DA:110,2
DA:115,2
LF:21
LH:21
BRDA:69,0,0,5
BRDA:69,0,1,1
BRDA:69,1,0,6
BRDA:69,1,1,6
BRDA:76,2,0,5
BRDA:76,2,1,1
BRDA:76,3,0,6
BRDA:76,3,1,6
BRDA:77,4,0,5
BRDA:77,4,1,1
BRDA:77,5,0,6
BRDA:77,5,1,6
BRDA:78,6,0,5
BRDA:78,6,1,1
BRDA:78,7,0,6
BRDA:78,7,1,6
BRDA:86,8,0,15
BRDA:86,8,1,6
BRDA:87,9,0,5
BRDA:87,9,1,10
BRDA:87,10,0,15
BRDA:87,10,1,6
BRDA:100,11,0,12
BRDA:100,11,1,63
BRF:24
BRH:24
end_of_record
TN:
SF:components/SideHug/index.js
FN:9,SideHug
FNF:1
FNH:1
FNDA:1,SideHug
DA:15,1
DA:17,1
DA:36,1
DA:40,1
LF:4
LH:4
BRDA:20,0,0,0
BRDA:20,0,1,1
BRDA:25,1,0,1
BRDA:25,1,1,0
BRF:4
BRH:2
end_of_record
